<?xml version="1.0" encoding="UTF-8"?>
<!-- Generated by org.testng.reporters.JUnitReportReporter -->
<testsuite hostname="DESKTOP-SRQBQSV" failures="0" tests="1" name="com.voice.testcases.TC_LoginPageTest" time="1.994" errors="0" timestamp="2024-05-03T16:25:36 IST" skipped="0">
  <testcase classname="com.voice.testcases.TC_LoginPageTest" name="verifyLogin" time="1.994"/>
</testsuite> <!-- com.voice.testcases.TC_LoginPageTest -->
