<?xml version="1.0" encoding="UTF-8"?>
<!-- Generated by org.testng.reporters.JUnitReportReporter -->
<testsuite hostname="DESKTOP-SRQBQSV" failures="0" tests="1" name="com.zoho.testcases.TC_LoginPageTest" time="0.652" errors="0" timestamp="2024-04-30T18:01:30 IST" skipped="0">
  <testcase classname="com.zoho.testcases.TC_LoginPageTest" name="verifyLogin" time="0.652"/>
</testsuite> <!-- com.zoho.testcases.TC_LoginPageTest -->
